<?xml version="1.0" encoding="UTF-8"?>
<testng-results skipped="0" failed="0" ignored="0" total="1" passed="1">
  <reporter-output>
    <line>
      <![CDATA[customer created]]>
    </line>
  </reporter-output>
  <suite name="Default suite" duration-ms="60" started-at="2020-07-27T15:45:54Z" finished-at="2020-07-27T15:45:54Z">
    <groups>
    </groups>
    <test name="Default test" duration-ms="60" started-at="2020-07-27T15:45:54Z" finished-at="2020-07-27T15:45:54Z">
      <class name="com.elf.test.Createcust">
        <test-method status="PASS" signature="createcust()[pri:0, instance:com.elf.test.Createcust@6767c1fc]" name="createcust" duration-ms="16" started-at="2020-07-27T15:45:54Z" finished-at="2020-07-27T15:45:54Z">
          <reporter-output>
            <line>
              <![CDATA[customer created]]>
            </line>
          </reporter-output>
        </test-method> <!-- createcust -->
      </class> <!-- com.elf.test.Createcust -->
    </test> <!-- Default test -->
  </suite> <!-- Default suite -->
</testng-results>
